<?xml version="1.0" encoding="UTF-8"?>
<!-- Generated by org.testng.reporters.JUnitXMLReporter -->
<testsuite ignored="0" hostname="DESKTOP-P1M3VO3" failures="0" tests="3" name="Default test" time="9.039" errors="0" timestamp="2023-12-17T15:23:07 IST">
  <testcase classname="Practice.Basics" name="BookApiCrud" time="6.753"/>
  <testcase classname="Practice.Basics" name="BookApiCrud" time="0.433"/>
  <testcase classname="Practice.Basics" name="BookApiCrud" time="1.67"/>
</testsuite> <!-- Default test -->
