<?xml version="1.0" encoding="UTF-8"?>
<testng-results ignored="0" total="3" passed="3" failed="0" skipped="0">
  <reporter-output>
  </reporter-output>
  <suite started-at="2023-12-17T15:22:58 IST" name="Default suite" finished-at="2023-12-17T15:23:07 IST" duration-ms="9039">
    <groups>
    </groups>
    <test started-at="2023-12-17T15:22:58 IST" name="Default test" finished-at="2023-12-17T15:23:07 IST" duration-ms="9039">
      <class name="Practice.Basics">
        <test-method signature="BookApiCrud(java.lang.String,java.lang.String,java.lang.String,java.lang.String)[pri:0, instance:Practice.Basics@6392827e]" started-at="2023-12-17T15:22:58 IST" name="BookApiCrud" data-provider="BooksData" finished-at="2023-12-17T15:23:05 IST" duration-ms="6753" status="PASS">
          <params>
            <param index="0">
              <value>
                <![CDATA[acd]]>
              </value>
            </param>
            <param index="1">
              <value>
                <![CDATA[414]]>
              </value>
            </param>
            <param index="2">
              <value>
                <![CDATA[Tushar Turkane]]>
              </value>
            </param>
            <param index="3">
              <value>
                <![CDATA[Postman Automation with JavaScript]]>
              </value>
            </param>
          </params>
          <reporter-output>
          </reporter-output>
        </test-method> <!-- BookApiCrud -->
        <test-method signature="BookApiCrud(java.lang.String,java.lang.String,java.lang.String,java.lang.String)[pri:0, instance:Practice.Basics@6392827e]" started-at="2023-12-17T15:23:05 IST" name="BookApiCrud" data-provider="BooksData" finished-at="2023-12-17T15:23:05 IST" duration-ms="433" status="PASS">
          <params>
            <param index="0">
              <value>
                <![CDATA[bcd]]>
              </value>
            </param>
            <param index="1">
              <value>
                <![CDATA[413]]>
              </value>
            </param>
            <param index="2">
              <value>
                <![CDATA[Anand Bohara]]>
              </value>
            </param>
            <param index="3">
              <value>
                <![CDATA[Automation BDD Framework From Scratch]]>
              </value>
            </param>
          </params>
          <reporter-output>
          </reporter-output>
        </test-method> <!-- BookApiCrud -->
        <test-method signature="BookApiCrud(java.lang.String,java.lang.String,java.lang.String,java.lang.String)[pri:0, instance:Practice.Basics@6392827e]" started-at="2023-12-17T15:23:05 IST" name="BookApiCrud" data-provider="BooksData" finished-at="2023-12-17T15:23:07 IST" duration-ms="1670" status="PASS">
          <params>
            <param index="0">
              <value>
                <![CDATA[ccd]]>
              </value>
            </param>
            <param index="1">
              <value>
                <![CDATA[412]]>
              </value>
            </param>
            <param index="2">
              <value>
                <![CDATA[Tushar Turkane]]>
              </value>
            </param>
            <param index="3">
              <value>
                <![CDATA[Java Basics]]>
              </value>
            </param>
          </params>
          <reporter-output>
          </reporter-output>
        </test-method> <!-- BookApiCrud -->
      </class> <!-- Practice.Basics -->
    </test> <!-- Default test -->
  </suite> <!-- Default suite -->
</testng-results>
